<?xml version="1.0" encoding="UTF-8"?>
<Site BuildName="(empty)"
	BuildStamp="20240127-1529-Experimental"
	Name="maker"
	Generator="ctest-3.22.1"
	CompilerName="/usr/bin/g++"
	CompilerVersion="11.4.0"
	OSName="Linux"
	Hostname="maker"
	OSRelease="6.5.0-14-generic"
	OSVersion="#14~22.04.1-Ubuntu SMP PREEMPT_DYNAMIC Mon Nov 20 18:15:30 UTC 2"
	OSPlatform="x86_64"
	Is64Bits="1"
	VendorString="GenuineIntel"
	VendorID="Intel Corporation"
	FamilyID="6"
	ModelID="122"
	ProcessorCacheSize="4096"
	NumberOfLogicalCPU="4"
	NumberOfPhysicalCPU="4"
	TotalVirtualMemory="3897"
	TotalPhysicalMemory="3906"
	LogicalProcessorsPerPhysical="1"
	ProcessorClockFrequency="1094.4"
	>
	<Testing>
		<StartDateTime>Jan 27 17:57 EET</StartDateTime>
		<StartTestTime>1706371045</StartTestTime>
		<TestList/>
		<EndDateTime>Jan 27 17:57 EET</EndDateTime>
		<EndTestTime>1706371045</EndTestTime>
		<ElapsedMinutes>0</ElapsedMinutes>
	</Testing>
</Site>
